Analysis & Synthesis report for Uart_Interface
Fri Feb 06 13:14:26 2026
Quartus Prime Version 20.1.1 Build 720 11/11/2020 SJ Lite Edition


---------------------
; Table of Contents ;
---------------------
  1. Legal Notice
  2. Analysis & Synthesis Summary
  3. Analysis & Synthesis Settings
  4. Parallel Compilation
  5. Analysis & Synthesis Source Files Read
  6. Analysis & Synthesis Resource Usage Summary
  7. Analysis & Synthesis Resource Utilization by Entity
  8. Registers Removed During Synthesis
  9. General Register Statistics
 10. Inverted Register Statistics
 11. Multiplexer Restructuring Statistics (Restructuring Performed)
 12. Parameter Settings for User Entity Instance: Uart_Transmitter:tx_inst
 13. Parameter Settings for User Entity Instance: Uart_Receiver:rx_inst
 14. Post-Synthesis Netlist Statistics for Top Partition
 15. Elapsed Time Per Partition
 16. Analysis & Synthesis Messages



----------------
; Legal Notice ;
----------------
Copyright (C) 2020  Intel Corporation. All rights reserved.
Your use of Intel Corporation's design tools, logic functions 
and other software and tools, and any partner logic 
functions, and any output files from any of the foregoing 
(including device programming or simulation files), and any 
associated documentation or information are expressly subject 
to the terms and conditions of the Intel Program License 
Subscription Agreement, the Intel Quartus Prime License Agreement,
the Intel FPGA IP License Agreement, or other applicable license
agreement, including, without limitation, that your use is for
the sole purpose of programming logic devices manufactured by
Intel and sold by Intel or its authorized distributors.  Please
refer to the applicable agreement for further details, at
https://fpgasoftware.intel.com/eula.



+-------------------------------------------------------------------------------+
; Analysis & Synthesis Summary                                                  ;
+---------------------------------+---------------------------------------------+
; Analysis & Synthesis Status     ; Successful - Fri Feb 06 13:14:26 2026       ;
; Quartus Prime Version           ; 20.1.1 Build 720 11/11/2020 SJ Lite Edition ;
; Revision Name                   ; Uart_Interface                              ;
; Top-level Entity Name           ; Uart_Interface                              ;
; Family                          ; Cyclone V                                   ;
; Logic utilization (in ALMs)     ; N/A                                         ;
; Total registers                 ; 48                                          ;
; Total pins                      ; 23                                          ;
; Total virtual pins              ; 0                                           ;
; Total block memory bits         ; 0                                           ;
; Total DSP Blocks                ; 0                                           ;
; Total HSSI RX PCSs              ; 0                                           ;
; Total HSSI PMA RX Deserializers ; 0                                           ;
; Total HSSI TX PCSs              ; 0                                           ;
; Total HSSI PMA TX Serializers   ; 0                                           ;
; Total PLLs                      ; 0                                           ;
; Total DLLs                      ; 0                                           ;
+---------------------------------+---------------------------------------------+


+---------------------------------------------------------------------------------------------------------------------------+
; Analysis & Synthesis Settings                                                                                             ;
+---------------------------------------------------------------------------------+--------------------+--------------------+
; Option                                                                          ; Setting            ; Default Value      ;
+---------------------------------------------------------------------------------+--------------------+--------------------+
; Device                                                                          ; 5CGXFC7C7F23C8     ;                    ;
; Top-level entity name                                                           ; Uart_Interface     ; Uart_Interface     ;
; Family name                                                                     ; Cyclone V          ; Cyclone V          ;
; Use smart compilation                                                           ; Off                ; Off                ;
; Enable parallel Assembler and Timing Analyzer during compilation                ; On                 ; On                 ;
; Enable compact report table                                                     ; Off                ; Off                ;
; Restructure Multiplexers                                                        ; Auto               ; Auto               ;
; MLAB Add Timing Constraints For Mixed-Port Feed-Through Mode Setting Don't Care ; Off                ; Off                ;
; Create Debugging Nodes for IP Cores                                             ; Off                ; Off                ;
; Preserve fewer node names                                                       ; On                 ; On                 ;
; Intel FPGA IP Evaluation Mode                                                   ; Enable             ; Enable             ;
; Verilog Version                                                                 ; Verilog_2001       ; Verilog_2001       ;
; VHDL Version                                                                    ; VHDL_1993          ; VHDL_1993          ;
; State Machine Processing                                                        ; Auto               ; Auto               ;
; Safe State Machine                                                              ; Off                ; Off                ;
; Extract Verilog State Machines                                                  ; On                 ; On                 ;
; Extract VHDL State Machines                                                     ; On                 ; On                 ;
; Ignore Verilog initial constructs                                               ; Off                ; Off                ;
; Iteration limit for constant Verilog loops                                      ; 5000               ; 5000               ;
; Iteration limit for non-constant Verilog loops                                  ; 250                ; 250                ;
; Add Pass-Through Logic to Inferred RAMs                                         ; On                 ; On                 ;
; Infer RAMs from Raw Logic                                                       ; On                 ; On                 ;
; Parallel Synthesis                                                              ; On                 ; On                 ;
; DSP Block Balancing                                                             ; Auto               ; Auto               ;
; NOT Gate Push-Back                                                              ; On                 ; On                 ;
; Power-Up Don't Care                                                             ; On                 ; On                 ;
; Remove Redundant Logic Cells                                                    ; Off                ; Off                ;
; Remove Duplicate Registers                                                      ; On                 ; On                 ;
; Ignore CARRY Buffers                                                            ; Off                ; Off                ;
; Ignore CASCADE Buffers                                                          ; Off                ; Off                ;
; Ignore GLOBAL Buffers                                                           ; Off                ; Off                ;
; Ignore ROW GLOBAL Buffers                                                       ; Off                ; Off                ;
; Ignore LCELL Buffers                                                            ; Off                ; Off                ;
; Ignore SOFT Buffers                                                             ; On                 ; On                 ;
; Limit AHDL Integers to 32 Bits                                                  ; Off                ; Off                ;
; Optimization Technique                                                          ; Balanced           ; Balanced           ;
; Carry Chain Length                                                              ; 70                 ; 70                 ;
; Auto Carry Chains                                                               ; On                 ; On                 ;
; Auto Open-Drain Pins                                                            ; On                 ; On                 ;
; Perform WYSIWYG Primitive Resynthesis                                           ; Off                ; Off                ;
; Auto ROM Replacement                                                            ; On                 ; On                 ;
; Auto RAM Replacement                                                            ; On                 ; On                 ;
; Auto DSP Block Replacement                                                      ; On                 ; On                 ;
; Auto Shift Register Replacement                                                 ; Auto               ; Auto               ;
; Allow Shift Register Merging across Hierarchies                                 ; Auto               ; Auto               ;
; Auto Clock Enable Replacement                                                   ; On                 ; On                 ;
; Strict RAM Replacement                                                          ; Off                ; Off                ;
; Allow Synchronous Control Signals                                               ; On                 ; On                 ;
; Force Use of Synchronous Clear Signals                                          ; Off                ; Off                ;
; Auto Resource Sharing                                                           ; Off                ; Off                ;
; Allow Any RAM Size For Recognition                                              ; Off                ; Off                ;
; Allow Any ROM Size For Recognition                                              ; Off                ; Off                ;
; Allow Any Shift Register Size For Recognition                                   ; Off                ; Off                ;
; Use LogicLock Constraints during Resource Balancing                             ; On                 ; On                 ;
; Ignore translate_off and synthesis_off directives                               ; Off                ; Off                ;
; Timing-Driven Synthesis                                                         ; On                 ; On                 ;
; Report Parameter Settings                                                       ; On                 ; On                 ;
; Report Source Assignments                                                       ; On                 ; On                 ;
; Report Connectivity Checks                                                      ; On                 ; On                 ;
; Ignore Maximum Fan-Out Assignments                                              ; Off                ; Off                ;
; Synchronization Register Chain Length                                           ; 3                  ; 3                  ;
; Power Optimization During Synthesis                                             ; Normal compilation ; Normal compilation ;
; HDL message level                                                               ; Level2             ; Level2             ;
; Suppress Register Optimization Related Messages                                 ; Off                ; Off                ;
; Number of Removed Registers Reported in Synthesis Report                        ; 5000               ; 5000               ;
; Number of Swept Nodes Reported in Synthesis Report                              ; 5000               ; 5000               ;
; Number of Inverted Registers Reported in Synthesis Report                       ; 100                ; 100                ;
; Clock MUX Protection                                                            ; On                 ; On                 ;
; Auto Gated Clock Conversion                                                     ; Off                ; Off                ;
; Block Design Naming                                                             ; Auto               ; Auto               ;
; SDC constraint protection                                                       ; Off                ; Off                ;
; Synthesis Effort                                                                ; Auto               ; Auto               ;
; Shift Register Replacement - Allow Asynchronous Clear Signal                    ; On                 ; On                 ;
; Pre-Mapping Resynthesis Optimization                                            ; Off                ; Off                ;
; Analysis & Synthesis Message Level                                              ; Medium             ; Medium             ;
; Disable Register Merging Across Hierarchies                                     ; Auto               ; Auto               ;
; Resource Aware Inference For Block RAM                                          ; On                 ; On                 ;
; Automatic Parallel Synthesis                                                    ; On                 ; On                 ;
; Partial Reconfiguration Bitstream ID                                            ; Off                ; Off                ;
+---------------------------------------------------------------------------------+--------------------+--------------------+


+------------------------------------------+
; Parallel Compilation                     ;
+----------------------------+-------------+
; Processors                 ; Number      ;
+----------------------------+-------------+
; Number detected on machine ; 8           ;
; Maximum allowed            ; 4           ;
;                            ;             ;
; Average used               ; 1.00        ;
; Maximum used               ; 4           ;
;                            ;             ;
; Usage by Processor         ; % Time Used ;
;     Processor 1            ; 100.0%      ;
;     Processors 2-4         ;   0.0%      ;
+----------------------------+-------------+


+---------------------------------------------------------------------------------------------------------------------------------------------------+
; Analysis & Synthesis Source Files Read                                                                                                            ;
+----------------------------------+-----------------+------------------------------+-----------------------------------------------------+---------+
; File Name with User-Entered Path ; Used in Netlist ; File Type                    ; File Name with Absolute Path                        ; Library ;
+----------------------------------+-----------------+------------------------------+-----------------------------------------------------+---------+
; Uart_Receiver.sv                 ; yes             ; User SystemVerilog HDL File  ; D:/VLSI PROJECTS/UART_Comm_VLSI/Uart_Receiver.sv    ;         ;
; Uart_Transmitter.sv              ; yes             ; User SystemVerilog HDL File  ; D:/VLSI PROJECTS/UART_Comm_VLSI/Uart_Transmitter.sv ;         ;
; uart_if.sv                       ; yes             ; User SystemVerilog HDL File  ; D:/VLSI PROJECTS/UART_Comm_VLSI/uart_if.sv          ;         ;
; Uart_Interface.sv                ; yes             ; User SystemVerilog HDL File  ; D:/VLSI PROJECTS/UART_Comm_VLSI/Uart_Interface.sv   ;         ;
+----------------------------------+-----------------+------------------------------+-----------------------------------------------------+---------+


+--------------------------------------------------------------+
; Analysis & Synthesis Resource Usage Summary                  ;
+---------------------------------------------+----------------+
; Resource                                    ; Usage          ;
+---------------------------------------------+----------------+
; Estimate of Logic utilization (ALMs needed) ; 31             ;
;                                             ;                ;
; Combinational ALUT usage for logic          ; 50             ;
;     -- 7 input functions                    ; 0              ;
;     -- 6 input functions                    ; 7              ;
;     -- 5 input functions                    ; 17             ;
;     -- 4 input functions                    ; 7              ;
;     -- <=3 input functions                  ; 19             ;
;                                             ;                ;
; Dedicated logic registers                   ; 48             ;
;                                             ;                ;
; I/O pins                                    ; 23             ;
;                                             ;                ;
; Total DSP Blocks                            ; 0              ;
;                                             ;                ;
; Maximum fan-out node                        ; uart.clk~input ;
; Maximum fan-out                             ; 48             ;
; Total fan-out                               ; 438            ;
; Average fan-out                             ; 2.62           ;
+---------------------------------------------+----------------+


+---------------------------------------------------------------------------------------------------------------------------------------------------------------------------------------------------------------------+
; Analysis & Synthesis Resource Utilization by Entity                                                                                                                                                                 ;
+-------------------------------+---------------------+---------------------------+-------------------+------------+------+--------------+------------------------------------------+------------------+--------------+
; Compilation Hierarchy Node    ; Combinational ALUTs ; Dedicated Logic Registers ; Block Memory Bits ; DSP Blocks ; Pins ; Virtual Pins ; Full Hierarchy Name                      ; Entity Name      ; Library Name ;
+-------------------------------+---------------------+---------------------------+-------------------+------------+------+--------------+------------------------------------------+------------------+--------------+
; |Uart_Interface               ; 50 (0)              ; 48 (0)                    ; 0                 ; 0          ; 23   ; 0            ; |Uart_Interface                          ; Uart_Interface   ; work         ;
;    |Uart_Receiver:rx_inst|    ; 22 (22)             ; 24 (24)                   ; 0                 ; 0          ; 0    ; 0            ; |Uart_Interface|Uart_Receiver:rx_inst    ; Uart_Receiver    ; work         ;
;    |Uart_Transmitter:tx_inst| ; 28 (28)             ; 24 (24)                   ; 0                 ; 0          ; 0    ; 0            ; |Uart_Interface|Uart_Transmitter:tx_inst ; Uart_Transmitter ; work         ;
+-------------------------------+---------------------+---------------------------+-------------------+------------+------+--------------+------------------------------------------+------------------+--------------+
Note: For table entries with two numbers listed, the numbers in parentheses indicate the number of resources of the given type used by the specific entity alone. The numbers listed outside of parentheses indicate the total resources of the given type used by the specific entity and all of its sub-entities in the hierarchy.


+--------------------------------------------------------------------------------+
; Registers Removed During Synthesis                                             ;
+---------------------------------------+----------------------------------------+
; Register name                         ; Reason for Removal                     ;
+---------------------------------------+----------------------------------------+
; Uart_Transmitter:tx_inst|tx_shift[0]  ; Stuck at GND due to stuck port data_in ;
; Uart_Transmitter:tx_inst|tx_shift[9]  ; Stuck at VCC due to stuck port data_in ;
; Total Number of Removed Registers = 2 ;                                        ;
+---------------------------------------+----------------------------------------+


+------------------------------------------------------+
; General Register Statistics                          ;
+----------------------------------------------+-------+
; Statistic                                    ; Value ;
+----------------------------------------------+-------+
; Total registers                              ; 48    ;
; Number of registers using Synchronous Clear  ; 9     ;
; Number of registers using Synchronous Load   ; 0     ;
; Number of registers using Asynchronous Clear ; 40    ;
; Number of registers using Asynchronous Load  ; 0     ;
; Number of registers using Clock Enable       ; 38    ;
; Number of registers using Preset             ; 0     ;
+----------------------------------------------+-------+


+--------------------------------------------------+
; Inverted Register Statistics                     ;
+----------------------------------------+---------+
; Inverted Register                      ; Fan out ;
+----------------------------------------+---------+
; Uart_Transmitter:tx_inst|uart.TxD~reg0 ; 7       ;
; Total number of inverted registers = 1 ;         ;
+----------------------------------------+---------+


+-------------------------------------------------------------------------------------------------------------------------------------------------------------------------+
; Multiplexer Restructuring Statistics (Restructuring Performed)                                                                                                          ;
+--------------------+-----------+---------------+----------------------+------------------------+------------+-----------------------------------------------------------+
; Multiplexer Inputs ; Bus Width ; Baseline Area ; Area if Restructured ; Saving if Restructured ; Registered ; Example Multiplexer Output                                ;
+--------------------+-----------+---------------+----------------------+------------------------+------------+-----------------------------------------------------------+
; 3:1                ; 4 bits    ; 8 LEs         ; 4 LEs                ; 4 LEs                  ; Yes        ; |Uart_Interface|Uart_Transmitter:tx_inst|bit_index[3]     ;
; 4:1                ; 4 bits    ; 8 LEs         ; 8 LEs                ; 0 LEs                  ; Yes        ; |Uart_Interface|Uart_Receiver:rx_inst|bit_cnt[3]          ;
; 4:1                ; 4 bits    ; 8 LEs         ; 8 LEs                ; 0 LEs                  ; Yes        ; |Uart_Interface|Uart_Receiver:rx_inst|os_cnt[3]           ;
; 4:1                ; 9 bits    ; 18 LEs        ; 0 LEs                ; 18 LEs                 ; Yes        ; |Uart_Interface|Uart_Transmitter:tx_inst|cycle_counter[6] ;
+--------------------+-----------+---------------+----------------------+------------------------+------------+-----------------------------------------------------------+


+-----------------------------------------------------------------------+
; Parameter Settings for User Entity Instance: Uart_Transmitter:tx_inst ;
+----------------+----------+-------------------------------------------+
; Parameter Name ; Value    ; Type                                      ;
+----------------+----------+-------------------------------------------+
; clk_freq       ; 50000000 ; Signed Integer                            ;
; baud_rate      ; 115200   ; Signed Integer                            ;
+----------------+----------+-------------------------------------------+
Note: In order to hide this table in the UI and the text report file, please set the "Show Parameter Settings in Synthesis Report" option in "Analysis and Synthesis Settings -> More Settings" to "Off".


+--------------------------------------------------------------------+
; Parameter Settings for User Entity Instance: Uart_Receiver:rx_inst ;
+----------------+----------+----------------------------------------+
; Parameter Name ; Value    ; Type                                   ;
+----------------+----------+----------------------------------------+
; clk_freq       ; 50000000 ; Signed Integer                         ;
; baud_rate      ; 115200   ; Signed Integer                         ;
; oversample     ; 16       ; Signed Integer                         ;
+----------------+----------+----------------------------------------+
Note: In order to hide this table in the UI and the text report file, please set the "Show Parameter Settings in Synthesis Report" option in "Analysis and Synthesis Settings -> More Settings" to "Off".


+-----------------------------------------------------+
; Post-Synthesis Netlist Statistics for Top Partition ;
+-----------------------+-----------------------------+
; Type                  ; Count                       ;
+-----------------------+-----------------------------+
; arriav_ff             ; 48                          ;
;     CLR               ; 10                          ;
;     ENA               ; 8                           ;
;     ENA CLR           ; 21                          ;
;     ENA CLR SCLR      ; 9                           ;
; arriav_io_obuf        ; 23                          ;
; arriav_lcell_comb     ; 50                          ;
;     arith             ; 9                           ;
;         1 data inputs ; 9                           ;
;     normal            ; 41                          ;
;         1 data inputs ; 1                           ;
;         2 data inputs ; 3                           ;
;         3 data inputs ; 6                           ;
;         4 data inputs ; 7                           ;
;         5 data inputs ; 17                          ;
;         6 data inputs ; 7                           ;
; boundary_port         ; 23                          ;
;                       ;                             ;
; Max LUT depth         ; 3.00                        ;
; Average LUT depth     ; 1.30                        ;
+-----------------------+-----------------------------+


+-------------------------------+
; Elapsed Time Per Partition    ;
+----------------+--------------+
; Partition Name ; Elapsed Time ;
+----------------+--------------+
; Top            ; 00:00:01     ;
+----------------+--------------+


+-------------------------------+
; Analysis & Synthesis Messages ;
+-------------------------------+
Info: *******************************************************************
Info: Running Quartus Prime Analysis & Synthesis
    Info: Version 20.1.1 Build 720 11/11/2020 SJ Lite Edition
    Info: Processing started: Fri Feb 06 13:14:10 2026
Info: Command: quartus_map --read_settings_files=on --write_settings_files=off Uart_Interface -c Uart_Interface
Warning (18236): Number of processors has not been specified which may cause overloading on shared machines.  Set the global assignment NUM_PARALLEL_PROCESSORS in your QSF to an appropriate value for best performance.
Info (20030): Parallel compilation is enabled and will use 4 of the 4 processors detected
Info (12021): Found 1 design units, including 1 entities, in source file uart_receiver.sv
    Info (12023): Found entity 1: Uart_Receiver File: D:/VLSI PROJECTS/UART_Comm_VLSI/Uart_Receiver.sv Line: 1
Info (12021): Found 1 design units, including 1 entities, in source file uart_transmitter.sv
    Info (12023): Found entity 1: Uart_Transmitter File: D:/VLSI PROJECTS/UART_Comm_VLSI/Uart_Transmitter.sv Line: 1
Info (12021): Found 1 design units, including 1 entities, in source file uart_if.sv
    Info (12023): Found entity 1: uart_if File: D:/VLSI PROJECTS/UART_Comm_VLSI/uart_if.sv Line: 1
Info (12021): Found 1 design units, including 1 entities, in source file uart_interface.sv
    Info (12023): Found entity 1: Uart_Interface File: D:/VLSI PROJECTS/UART_Comm_VLSI/Uart_Interface.sv Line: 1
Info (12127): Elaborating entity "Uart_Interface" for the top level hierarchy
Warning (10665): Bidirectional port "uart.TxD" at Uart_Interface.sv(1) has a one-way connection to bidirectional port "uart.RxD" File: D:/VLSI PROJECTS/UART_Comm_VLSI/Uart_Interface.sv Line: 1
Info (12128): Elaborating entity "Uart_Transmitter" for hierarchy "Uart_Transmitter:tx_inst" File: D:/VLSI PROJECTS/UART_Comm_VLSI/Uart_Interface.sv Line: 6
Warning (10230): Verilog HDL assignment warning at Uart_Transmitter.sv(32): truncated value with size 32 to match size of target (4) File: D:/VLSI PROJECTS/UART_Comm_VLSI/Uart_Transmitter.sv Line: 32
Warning (10230): Verilog HDL assignment warning at Uart_Transmitter.sv(41): truncated value with size 32 to match size of target (9) File: D:/VLSI PROJECTS/UART_Comm_VLSI/Uart_Transmitter.sv Line: 41
Info (12128): Elaborating entity "Uart_Receiver" for hierarchy "Uart_Receiver:rx_inst" File: D:/VLSI PROJECTS/UART_Comm_VLSI/Uart_Interface.sv Line: 7
Warning (10230): Verilog HDL assignment warning at Uart_Receiver.sv(46): truncated value with size 32 to match size of target (4) File: D:/VLSI PROJECTS/UART_Comm_VLSI/Uart_Receiver.sv Line: 46
Warning (10230): Verilog HDL assignment warning at Uart_Receiver.sv(56): truncated value with size 32 to match size of target (4) File: D:/VLSI PROJECTS/UART_Comm_VLSI/Uart_Receiver.sv Line: 56
Warning (10230): Verilog HDL assignment warning at Uart_Receiver.sv(68): truncated value with size 32 to match size of target (5) File: D:/VLSI PROJECTS/UART_Comm_VLSI/Uart_Receiver.sv Line: 68
Warning (13034): The following nodes have both tri-state and non-tri-state drivers
    Warning (13035): Inserted always-enabled tri-state buffer between "uart.valid_rx" and its non-tri-state driver. File: D:/VLSI PROJECTS/UART_Comm_VLSI/Uart_Interface.sv Line: 1
    Warning (13035): Inserted always-enabled tri-state buffer between "uart.RxData[0]" and its non-tri-state driver. File: D:/VLSI PROJECTS/UART_Comm_VLSI/Uart_Interface.sv Line: 1
    Warning (13035): Inserted always-enabled tri-state buffer between "uart.RxData[1]" and its non-tri-state driver. File: D:/VLSI PROJECTS/UART_Comm_VLSI/Uart_Interface.sv Line: 1
    Warning (13035): Inserted always-enabled tri-state buffer between "uart.RxData[2]" and its non-tri-state driver. File: D:/VLSI PROJECTS/UART_Comm_VLSI/Uart_Interface.sv Line: 1
    Warning (13035): Inserted always-enabled tri-state buffer between "uart.RxData[3]" and its non-tri-state driver. File: D:/VLSI PROJECTS/UART_Comm_VLSI/Uart_Interface.sv Line: 1
    Warning (13035): Inserted always-enabled tri-state buffer between "uart.RxData[4]" and its non-tri-state driver. File: D:/VLSI PROJECTS/UART_Comm_VLSI/Uart_Interface.sv Line: 1
    Warning (13035): Inserted always-enabled tri-state buffer between "uart.RxData[5]" and its non-tri-state driver. File: D:/VLSI PROJECTS/UART_Comm_VLSI/Uart_Interface.sv Line: 1
    Warning (13035): Inserted always-enabled tri-state buffer between "uart.RxData[6]" and its non-tri-state driver. File: D:/VLSI PROJECTS/UART_Comm_VLSI/Uart_Interface.sv Line: 1
    Warning (13035): Inserted always-enabled tri-state buffer between "uart.RxData[7]" and its non-tri-state driver. File: D:/VLSI PROJECTS/UART_Comm_VLSI/Uart_Interface.sv Line: 1
    Warning (13035): Inserted always-enabled tri-state buffer between "uart.busy" and its non-tri-state driver. File: D:/VLSI PROJECTS/UART_Comm_VLSI/Uart_Interface.sv Line: 1
    Warning (13035): Inserted always-enabled tri-state buffer between "uart.TxD" and its non-tri-state driver. File: D:/VLSI PROJECTS/UART_Comm_VLSI/Uart_Interface.sv Line: 1
Warning (13039): The following bidirectional pins have no drivers
    Warning (13040): bidirectional pin "uart.TxData[0]" has no driver File: D:/VLSI PROJECTS/UART_Comm_VLSI/Uart_Interface.sv Line: 1
    Warning (13040): bidirectional pin "uart.TxData[1]" has no driver File: D:/VLSI PROJECTS/UART_Comm_VLSI/Uart_Interface.sv Line: 1
    Warning (13040): bidirectional pin "uart.TxData[2]" has no driver File: D:/VLSI PROJECTS/UART_Comm_VLSI/Uart_Interface.sv Line: 1
    Warning (13040): bidirectional pin "uart.TxData[3]" has no driver File: D:/VLSI PROJECTS/UART_Comm_VLSI/Uart_Interface.sv Line: 1
    Warning (13040): bidirectional pin "uart.TxData[4]" has no driver File: D:/VLSI PROJECTS/UART_Comm_VLSI/Uart_Interface.sv Line: 1
    Warning (13040): bidirectional pin "uart.TxData[5]" has no driver File: D:/VLSI PROJECTS/UART_Comm_VLSI/Uart_Interface.sv Line: 1
    Warning (13040): bidirectional pin "uart.TxData[6]" has no driver File: D:/VLSI PROJECTS/UART_Comm_VLSI/Uart_Interface.sv Line: 1
    Warning (13040): bidirectional pin "uart.TxData[7]" has no driver File: D:/VLSI PROJECTS/UART_Comm_VLSI/Uart_Interface.sv Line: 1
    Warning (13040): bidirectional pin "uart.transmit" has no driver File: D:/VLSI PROJECTS/UART_Comm_VLSI/Uart_Interface.sv Line: 1
    Warning (13040): bidirectional pin "uart.reset" has no driver File: D:/VLSI PROJECTS/UART_Comm_VLSI/Uart_Interface.sv Line: 1
    Warning (13040): bidirectional pin "uart.clk" has no driver File: D:/VLSI PROJECTS/UART_Comm_VLSI/Uart_Interface.sv Line: 1
Info (13060): One or more bidirectional pins are fed by always enabled tri-state buffers
    Info (13061): Fan-out of permanently enabled tri-state buffer feeding bidirectional pin "uart.busy" is moved to its source File: D:/VLSI PROJECTS/UART_Comm_VLSI/Uart_Interface.sv Line: 1
    Info (13061): Fan-out of permanently enabled tri-state buffer feeding bidirectional pin "uart.RxD" is moved to its source File: D:/VLSI PROJECTS/UART_Comm_VLSI/Uart_Interface.sv Line: 1
    Info (13061): Fan-out of permanently enabled tri-state buffer feeding bidirectional pin "uart.TxD" is moved to its source File: D:/VLSI PROJECTS/UART_Comm_VLSI/Uart_Interface.sv Line: 1
Warning (13009): TRI or OPNDRN buffers permanently enabled
    Warning (13010): Node "uart.valid_rx~synth" File: D:/VLSI PROJECTS/UART_Comm_VLSI/Uart_Interface.sv Line: 1
    Warning (13010): Node "uart.RxData[0]~synth" File: D:/VLSI PROJECTS/UART_Comm_VLSI/Uart_Interface.sv Line: 1
    Warning (13010): Node "uart.RxData[1]~synth" File: D:/VLSI PROJECTS/UART_Comm_VLSI/Uart_Interface.sv Line: 1
    Warning (13010): Node "uart.RxData[2]~synth" File: D:/VLSI PROJECTS/UART_Comm_VLSI/Uart_Interface.sv Line: 1
    Warning (13010): Node "uart.RxData[3]~synth" File: D:/VLSI PROJECTS/UART_Comm_VLSI/Uart_Interface.sv Line: 1
    Warning (13010): Node "uart.RxData[4]~synth" File: D:/VLSI PROJECTS/UART_Comm_VLSI/Uart_Interface.sv Line: 1
    Warning (13010): Node "uart.RxData[5]~synth" File: D:/VLSI PROJECTS/UART_Comm_VLSI/Uart_Interface.sv Line: 1
    Warning (13010): Node "uart.RxData[6]~synth" File: D:/VLSI PROJECTS/UART_Comm_VLSI/Uart_Interface.sv Line: 1
    Warning (13010): Node "uart.RxData[7]~synth" File: D:/VLSI PROJECTS/UART_Comm_VLSI/Uart_Interface.sv Line: 1
    Warning (13010): Node "uart.busy~synth" File: D:/VLSI PROJECTS/UART_Comm_VLSI/Uart_Interface.sv Line: 1
    Warning (13010): Node "uart.RxD~synth" File: D:/VLSI PROJECTS/UART_Comm_VLSI/Uart_Interface.sv Line: 1
    Warning (13010): Node "uart.TxD~synth" File: D:/VLSI PROJECTS/UART_Comm_VLSI/Uart_Interface.sv Line: 1
Info (286030): Timing-Driven Synthesis is running
Info (16010): Generating hard_block partition "hard_block:auto_generated_inst"
    Info (16011): Adding 0 node(s), including 0 DDIO, 0 PLL, 0 transceiver and 0 LCELL
Info (21057): Implemented 89 device resources after synthesis - the final resource count might be different
    Info (21058): Implemented 0 input pins
    Info (21059): Implemented 0 output pins
    Info (21060): Implemented 23 bidirectional pins
    Info (21061): Implemented 66 logic cells
Info: Quartus Prime Analysis & Synthesis was successful. 0 errors, 44 warnings
    Info: Peak virtual memory: 4829 megabytes
    Info: Processing ended: Fri Feb 06 13:14:26 2026
    Info: Elapsed time: 00:00:16
    Info: Total CPU time (on all processors): 00:00:34


